<?xml version="1.0" encoding="UTF-8"?>
<coverage generated="1728522270581" clover="3.2.0">
  <project timestamp="1728522270581" name="All files">
    <metrics statements="22" coveredstatements="22" conditionals="6" coveredconditionals="6" methods="7" coveredmethods="7" elements="35" coveredelements="35" complexity="0" loc="22" ncloc="22" packages="1" files="2" classes="2"/>
    <file name="BankAccount.ts" path="C:\Users\aluno\Videos\Captures\lp2\bank\bank\src\models\BankAccount.ts">
      <metrics statements="18" coveredstatements="18" conditionals="6" coveredconditionals="6" methods="5" coveredmethods="5"/>
      <line num="1" count="1" type="stmt"/>
      <line num="3" count="1" type="stmt"/>
      <line num="10" count="6" type="stmt"/>
      <line num="11" count="6" type="stmt"/>
      <line num="12" count="6" type="stmt"/>
      <line num="13" count="6" type="stmt"/>
      <line num="18" count="1" type="stmt"/>
      <line num="19" count="4" type="cond" truecount="2" falsecount="0"/>
      <line num="21" count="3" type="stmt"/>
      <line num="23" count="1" type="stmt"/>
      <line num="28" count="1" type="stmt"/>
      <line num="29" count="3" type="cond" truecount="4" falsecount="0"/>
      <line num="30" count="1" type="stmt"/>
      <line num="32" count="2" type="stmt"/>
      <line num="37" count="1" type="stmt"/>
      <line num="39" count="6" type="stmt"/>
      <line num="44" count="6" type="stmt"/>
      <line num="46" count="1" type="stmt"/>
    </file>
    <file name="Client.ts" path="C:\Users\aluno\Videos\Captures\lp2\bank\bank\src\models\Client.ts">
      <metrics statements="4" coveredstatements="4" conditionals="0" coveredconditionals="0" methods="2" coveredmethods="2"/>
      <line num="1" count="1" type="stmt"/>
      <line num="7" count="7" type="stmt"/>
      <line num="8" count="7" type="stmt"/>
      <line num="10" count="1" type="stmt"/>
    </file>
  </project>
</coverage>
