{"C:\\Users\\aluno\\Videos\\Captures\\lp2\\bank\\bank\\src\\models\\BankAccount.ts": {"path":"C:\\Users\\aluno\\Videos\\Captures\\lp2\\bank\\bank\\src\\models\\BankAccount.ts","statementMap":{"0":{"start":{"line":1,"column":0},"end":{"line":1,"column":34}},"1":{"start":{"line":3,"column":0},"end":{"line":3,"column":13}},"2":{"start":{"line":10,"column":8},"end":{"line":10,"column":29}},"3":{"start":{"line":11,"column":8},"end":{"line":11,"column":29}},"4":{"start":{"line":12,"column":8},"end":{"line":12,"column":26}},"5":{"start":{"line":13,"column":8},"end":{"line":13,"column":41}},"6":{"start":{"line":18,"column":4},"end":{"line":25,"column":null}},"7":{"start":{"line":19,"column":8},"end":{"line":24,"column":9}},"8":{"start":{"line":21,"column":12},"end":{"line":21,"column":35}},"9":{"start":{"line":23,"column":12},"end":{"line":23,"column":51}},"10":{"start":{"line":28,"column":4},"end":{"line":34,"column":null}},"11":{"start":{"line":29,"column":8},"end":{"line":33,"column":9}},"12":{"start":{"line":30,"column":12},"end":{"line":30,"column":35}},"13":{"start":{"line":32,"column":12},"end":{"line":32,"column":84}},"14":{"start":{"line":37,"column":4},"end":{"line":45,"column":null}},"15":{"start":{"line":39,"column":26},"end":{"line":42,"column":10}},"16":{"start":{"line":44,"column":8},"end":{"line":44,"column":47}},"17":{"start":{"line":46,"column":0},"end":{"line":46,"column":null}},"18":{"start":{"line":3,"column":13},"end":{"line":3,"column":24}}},"fnMap":{"0":{"name":"(anonymous_0)","decl":{"start":{"line":3,"column":0},"end":{"line":3,"column":13}},"loc":{"start":{"line":3,"column":0},"end":{"line":46,"column":null}}},"1":{"name":"BankAccount","decl":{"start":{"line":9,"column":4},"end":{"line":9,"column":16}},"loc":{"start":{"line":9,"column":62},"end":{"line":14,"column":5}}},"2":{"name":"(anonymous_2)","decl":{"start":{"line":18,"column":4},"end":{"line":18,"column":11}},"loc":{"start":{"line":18,"column":25},"end":{"line":25,"column":5}}},"3":{"name":"(anonymous_3)","decl":{"start":{"line":28,"column":4},"end":{"line":28,"column":12}},"loc":{"start":{"line":28,"column":26},"end":{"line":34,"column":5}}},"4":{"name":"(anonymous_4)","decl":{"start":{"line":37,"column":4},"end":{"line":37,"column":13}},"loc":{"start":{"line":37,"column":4},"end":{"line":45,"column":5}}}},"branchMap":{"0":{"loc":{"start":{"line":19,"column":8},"end":{"line":24,"column":9}},"type":"if","locations":[{"start":{"line":19,"column":8},"end":{"line":24,"column":9}},{"start":{"line":22,"column":15},"end":{"line":24,"column":9}}]},"1":{"loc":{"start":{"line":29,"column":8},"end":{"line":33,"column":9}},"type":"if","locations":[{"start":{"line":29,"column":8},"end":{"line":33,"column":9}},{"start":{"line":31,"column":15},"end":{"line":33,"column":9}}]},"2":{"loc":{"start":{"line":29,"column":12},"end":{"line":29,"column":47}},"type":"binary-expr","locations":[{"start":{"line":29,"column":12},"end":{"line":29,"column":21}},{"start":{"line":29,"column":25},"end":{"line":29,"column":47}}]}},"s":{"0":1,"1":1,"2":6,"3":6,"4":6,"5":6,"6":1,"7":4,"8":3,"9":1,"10":1,"11":3,"12":1,"13":2,"14":1,"15":6,"16":6,"17":1,"18":1},"f":{"0":1,"1":6,"2":4,"3":3,"4":6},"b":{"0":[3,1],"1":[1,2],"2":[3,2]}}
,"C:\\Users\\aluno\\Videos\\Captures\\lp2\\bank\\bank\\src\\models\\Client.ts": {"path":"C:\\Users\\aluno\\Videos\\Captures\\lp2\\bank\\bank\\src\\models\\Client.ts","statementMap":{"0":{"start":{"line":1,"column":0},"end":{"line":1,"column":13}},"1":{"start":{"line":7,"column":8},"end":{"line":7,"column":25}},"2":{"start":{"line":8,"column":8},"end":{"line":8,"column":23}},"3":{"start":{"line":10,"column":0},"end":{"line":10,"column":null}},"4":{"start":{"line":1,"column":13},"end":{"line":1,"column":19}}},"fnMap":{"0":{"name":"(anonymous_0)","decl":{"start":{"line":1,"column":0},"end":{"line":1,"column":13}},"loc":{"start":{"line":1,"column":0},"end":{"line":10,"column":null}}},"1":{"name":"Client","decl":{"start":{"line":6,"column":4},"end":{"line":6,"column":16}},"loc":{"start":{"line":6,"column":41},"end":{"line":9,"column":5}}}},"branchMap":{},"s":{"0":1,"1":7,"2":7,"3":1,"4":1},"f":{"0":1,"1":7},"b":{}}
}
