TN:
SF:src\models\BankAccount.ts
FN:3,(anonymous_0)
FN:9,BankAccount
FN:18,(anonymous_2)
FN:28,(anonymous_3)
FN:37,(anonymous_4)
FNF:5
FNH:5
FNDA:1,(anonymous_0)
FNDA:6,BankAccount
FNDA:4,(anonymous_2)
FNDA:3,(anonymous_3)
FNDA:6,(anonymous_4)
DA:1,1
DA:3,1
DA:10,6
DA:11,6
DA:12,6
DA:13,6
DA:18,1
DA:19,4
DA:21,3
DA:23,1
DA:28,1
DA:29,3
DA:30,1
DA:32,2
DA:37,1
DA:39,6
DA:44,6
DA:46,1
LF:18
LH:18
BRDA:19,0,0,3
BRDA:19,0,1,1
BRDA:29,1,0,1
BRDA:29,1,1,2
BRDA:29,2,0,3
BRDA:29,2,1,2
BRF:6
BRH:6
end_of_record
TN:
SF:src\models\Client.ts
FN:1,(anonymous_0)
FN:6,Client
FNF:2
FNH:2
FNDA:1,(anonymous_0)
FNDA:7,Client
DA:1,1
DA:7,7
DA:8,7
DA:10,1
LF:4
LH:4
BRF:0
BRH:0
end_of_record
